--- Copying files at Fri Aug 29 03:11:01 UTC 2025
--- Copied files finished at Fri Aug 29 03:11:01 UTC 2025
--- Copying files at Fri Aug 29 03:30:36 UTC 2025
--- Copied files finished at Fri Aug 29 03:30:36 UTC 2025
--- Copying files at Fri Aug 29 03:41:23 UTC 2025
--- Copied files finished at Fri Aug 29 03:41:23 UTC 2025
--- Copying files at Fri Aug 29 15:13:36 UTC 2025
--- Copied files finished at Fri Aug 29 15:13:36 UTC 2025
--- Copying files at Fri Aug 29 17:26:19 UTC 2025
--- Copied files finished at Fri Aug 29 17:26:19 UTC 2025
--- Copying files at Fri Aug 29 19:44:35 UTC 2025
--- Copied files finished at Fri Aug 29 19:44:35 UTC 2025
--- Copying files at Fri Aug 29 20:26:22 UTC 2025
--- Copied files finished at Fri Aug 29 20:26:22 UTC 2025
--- Copying files at Fri Aug 29 21:00:03 UTC 2025
--- Copied files finished at Fri Aug 29 21:00:03 UTC 2025
--- Copying files at Fri Aug 29 21:16:50 UTC 2025
--- Copied files finished at Fri Aug 29 21:16:50 UTC 2025
--- Copying files at Fri Aug 29 21:32:53 UTC 2025
--- Copied files finished at Fri Aug 29 21:32:53 UTC 2025
--- Copying files at Sat Aug 30 02:01:13 UTC 2025
--- Copied files finished at Sat Aug 30 02:01:13 UTC 2025
--- Copying files at Sat Aug 30 02:18:11 UTC 2025
--- Copied files finished at Sat Aug 30 02:18:11 UTC 2025
--- Copying files at Sat Aug 30 02:24:12 UTC 2025
--- Copied files finished at Sat Aug 30 02:24:12 UTC 2025
--- Copying files at Sat Aug 30 03:58:52 UTC 2025
--- Copied files finished at Sat Aug 30 03:58:52 UTC 2025
--- Copying files at Sat Aug 30 04:07:47 UTC 2025
--- Copied files finished at Sat Aug 30 04:07:47 UTC 2025
--- Copying files at Sat Aug 30 04:11:42 UTC 2025
--- Copied files finished at Sat Aug 30 04:11:42 UTC 2025
--- Copying files at Sat Aug 30 22:42:40 UTC 2025
--- Copied files finished at Sat Aug 30 22:42:40 UTC 2025
--- Copying files at Sun Nov  2 15:53:11 UTC 2025
--- Copied files finished at Sun Nov  2 15:53:11 UTC 2025
--- Copying files at Sun Nov  2 16:29:54 UTC 2025
--- Copied files finished at Sun Nov  2 16:29:54 UTC 2025
--- Copying files at Sun Nov  2 16:41:42 UTC 2025
--- Copied files finished at Sun Nov  2 16:41:43 UTC 2025
--- Copying files at Sun Nov  2 17:04:37 UTC 2025
--- Copied files finished at Sun Nov  2 17:04:37 UTC 2025
--- Copying files at Thu Nov  6 02:17:34 UTC 2025
--- Copied files finished at Thu Nov  6 02:17:34 UTC 2025
--- Copying files at Thu Nov  6 02:18:42 UTC 2025
--- Copied files finished at Thu Nov  6 02:18:42 UTC 2025
--- Copying files at Thu Nov  6 02:40:16 UTC 2025
--- Copied files finished at Thu Nov  6 02:40:16 UTC 2025
--- Copying files at Thu Nov  6 03:09:57 UTC 2025
--- Copied files finished at Thu Nov  6 03:09:57 UTC 2025
--- Copying files at Thu Nov  6 03:21:30 UTC 2025
--- Copied files finished at Thu Nov  6 03:21:30 UTC 2025
--- Copying files at Thu Nov  6 03:35:29 UTC 2025
--- Copied files finished at Thu Nov  6 03:35:29 UTC 2025
